TN:
SF:src\Trabalho01Turma01.js
FN:2,(anonymous_0)
FN:6,(anonymous_1)
FN:13,(anonymous_2)
FN:14,(anonymous_3)
FN:17,(anonymous_4)
FN:18,(anonymous_5)
FN:21,(anonymous_6)
FN:22,(anonymous_7)
FN:28,(anonymous_8)
FN:32,(anonymous_9)
FN:39,(anonymous_10)
FN:46,(anonymous_11)
FN:47,(anonymous_12)
FN:50,(anonymous_13)
FN:51,(anonymous_14)
FN:54,(anonymous_15)
FN:55,(anonymous_16)
FN:58,(anonymous_17)
FN:59,(anonymous_18)
FN:62,(anonymous_19)
FN:70,(anonymous_20)
FN:73,(anonymous_21)
FN:77,(anonymous_22)
FN:78,(anonymous_23)
FN:81,(anonymous_24)
FN:82,(anonymous_25)
FN:85,(anonymous_26)
FN:92,(anonymous_27)
FN:93,(anonymous_28)
FN:96,(anonymous_29)
FN:97,(anonymous_30)
FN:100,(anonymous_31)
FN:101,(anonymous_32)
FN:106,(anonymous_33)
FN:113,(anonymous_34)
FN:114,(anonymous_35)
FN:117,(anonymous_36)
FN:118,(anonymous_37)
FNF:38
FNH:14
FNDA:14,(anonymous_0)
FNDA:41,(anonymous_1)
FNDA:2,(anonymous_2)
FNDA:6,(anonymous_3)
FNDA:9,(anonymous_4)
FNDA:13,(anonymous_5)
FNDA:2,(anonymous_6)
FNDA:5,(anonymous_7)
FNDA:8,(anonymous_8)
FNDA:0,(anonymous_9)
FNDA:1,(anonymous_10)
FNDA:0,(anonymous_11)
FNDA:0,(anonymous_12)
FNDA:0,(anonymous_13)
FNDA:0,(anonymous_14)
FNDA:0,(anonymous_15)
FNDA:0,(anonymous_16)
FNDA:0,(anonymous_17)
FNDA:0,(anonymous_18)
FNDA:1,(anonymous_19)
FNDA:0,(anonymous_20)
FNDA:0,(anonymous_21)
FNDA:0,(anonymous_22)
FNDA:0,(anonymous_23)
FNDA:0,(anonymous_24)
FNDA:0,(anonymous_25)
FNDA:1,(anonymous_26)
FNDA:0,(anonymous_27)
FNDA:0,(anonymous_28)
FNDA:0,(anonymous_29)
FNDA:0,(anonymous_30)
FNDA:1,(anonymous_31)
FNDA:3,(anonymous_32)
FNDA:0,(anonymous_33)
FNDA:0,(anonymous_34)
FNDA:0,(anonymous_35)
FNDA:0,(anonymous_36)
FNDA:0,(anonymous_37)
DA:3,14
DA:7,41
DA:8,0
DA:10,41
DA:14,6
DA:18,13
DA:22,5
DA:23,2
DA:24,1
DA:29,8
DA:33,0
DA:40,1
DA:41,1
DA:42,1
DA:47,0
DA:51,0
DA:55,0
DA:59,0
DA:63,1
DA:64,1
DA:65,1
DA:66,1
DA:71,0
DA:72,0
DA:73,0
DA:78,0
DA:82,0
DA:86,1
DA:87,1
DA:88,1
DA:93,0
DA:97,0
DA:101,1
DA:102,3
DA:107,0
DA:108,0
DA:109,0
DA:114,0
DA:118,0
DA:126,1
LF:40
LH:22
BRDA:7,0,0,0
BRDA:7,0,1,41
BRDA:23,1,0,1
BRDA:23,1,1,1
BRDA:41,2,0,1
BRDA:41,2,1,0
BRDA:64,3,0,1
BRDA:64,3,1,0
BRDA:65,4,0,1
BRDA:65,4,1,1
BRDA:72,5,0,0
BRDA:72,5,1,0
BRDA:72,6,0,0
BRDA:72,6,1,0
BRDA:78,7,0,0
BRDA:78,7,1,0
BRDA:87,8,0,1
BRDA:87,8,1,0
BRDA:108,9,0,0
BRDA:108,9,1,0
BRF:20
BRH:8
end_of_record
